<?xml version="1.0" encoding="UTF-8"?>
<!-- Generated by org.testng.reporters.JUnitXMLReporter -->
<testsuite ignored="0" hostname="DESKTOP-5FLV62J" failures="1" tests="7" name="Testing" time="98.176" errors="0" timestamp="2021-03-13T15:37:53 CST">
  <testcase classname="tests.Tests_Search" name="Test_Adding_Quantity" time="14.847">
    <failure type="org.openqa.selenium.TimeoutException" message="Expected condition failed: waiting for visibility of [[ChromeDriver: chrome on WINDOWS (49f380afe582bc0049ae0b5b8f9041f5)] -&amp;gt; xpath: //span[contains(text(),&amp;apos;There is 1 item in your cart.&amp;apos;)]] (tried for 10 second(s) with 500 milliseconds interval)
Build info: version: &amp;apos;3.141.59&amp;apos;, revision: &amp;apos;e82be7d358&amp;apos;, time: &amp;apos;2018-11-14T08:17:03&amp;apos;
System info: host: &amp;apos;DESKTOP-5FLV62J&amp;apos;, ip: &amp;apos;192.168.0.166&amp;apos;, os.name: &amp;apos;Windows 10&amp;apos;, os.arch: &amp;apos;amd64&amp;apos;, os.version: &amp;apos;10.0&amp;apos;, java.version: &amp;apos;15.0.2&amp;apos;
Driver info: org.openqa.selenium.chrome.ChromeDriver
Capabilities {acceptInsecureCerts: false, browserName: chrome, browserVersion: 89.0.4389.82, chrome: {chromedriverVersion: 88.0.4324.96 (68dba2d8a0b14..., userDataDir: C:\Users\spied\AppData\Loca...}, goog:chromeOptions: {debuggerAddress: localhost:52279}, javascriptEnabled: true, networkConnectionEnabled: false, pageLoadStrategy: normal, platform: WINDOWS, platformName: WINDOWS, proxy: Proxy(), setWindowRect: true, strictFileInteractability: false, timeouts: {implicit: 0, pageLoad: 300000, script: 30000}, unhandledPromptBehavior: dismiss and notify, webauthn:extension:largeBlob: true, webauthn:virtualAuthenticators: true}
Session ID: 49f380afe582bc0049ae0b5b8f9041f5">
      <![CDATA[org.openqa.selenium.TimeoutException: Expected condition failed: waiting for visibility of [[ChromeDriver: chrome on WINDOWS (49f380afe582bc0049ae0b5b8f9041f5)] -> xpath: //span[contains(text(),'There is 1 item in your cart.')]] (tried for 10 second(s) with 500 milliseconds interval)
Build info: version: '3.141.59', revision: 'e82be7d358', time: '2018-11-14T08:17:03'
System info: host: 'DESKTOP-5FLV62J', ip: '192.168.0.166', os.name: 'Windows 10', os.arch: 'amd64', os.version: '10.0', java.version: '15.0.2'
Driver info: org.openqa.selenium.chrome.ChromeDriver
Capabilities {acceptInsecureCerts: false, browserName: chrome, browserVersion: 89.0.4389.82, chrome: {chromedriverVersion: 88.0.4324.96 (68dba2d8a0b14..., userDataDir: C:\Users\spied\AppData\Loca...}, goog:chromeOptions: {debuggerAddress: localhost:52279}, javascriptEnabled: true, networkConnectionEnabled: false, pageLoadStrategy: normal, platform: WINDOWS, platformName: WINDOWS, proxy: Proxy(), setWindowRect: true, strictFileInteractability: false, timeouts: {implicit: 0, pageLoad: 300000, script: 30000}, unhandledPromptBehavior: dismiss and notify, webauthn:extension:largeBlob: true, webauthn:virtualAuthenticators: true}
Session ID: 49f380afe582bc0049ae0b5b8f9041f5
at org.openqa.selenium.support.ui.WebDriverWait.timeoutException(WebDriverWait.java:95)
at org.openqa.selenium.support.ui.FluentWait.until(FluentWait.java:272)
at generics.BasePage.waitForElement(BasePage.java:52)
at pages.ProductPage.addItemToCartAndGoToCheckout(ProductPage.java:40)
at tests.Tests_Search.Test_Adding_Quantity(Tests_Search.java:106)
at java.base/java.util.ArrayList.forEach(ArrayList.java:1511)
... Removed 27 stack frames]]>
    </failure>
  </testcase> <!-- Test_Adding_Quantity -->
  <testcase classname="tests.Tests_Search" name="testAddMoreItemsToCart" time="7.585"/>
  <testcase classname="tests.Tests_Search" name="testAddToCart" time="4.428"/>
  <testcase classname="tests.Tests_Search" name="testContactUs" time="2.358"/>
  <testcase classname="tests.Tests_Search" name="testRemoveFromCart" time="5.575"/>
  <testcase classname="tests.Tests_Search" name="testSearchAndGo" time="3.09"/>
  <testcase classname="tests.Tests_Search" name="testValidSearch" time="1.238"/>
</testsuite> <!-- Testing -->
