<?xml version="1.0" encoding="UTF-8"?>
<!-- Generated by org.testng.reporters.JUnitXMLReporter -->
<testsuite ignored="0" hostname="DESKTOP-5FLV62J" failures="0" tests="7" name="Default test" time="75.928" errors="0" timestamp="2021-03-13T21:07:26 CST">
  <testcase classname="tests.SearchTests" name="Test_Adding_Quantity" time="6.663"/>
  <testcase classname="tests.SearchTests" name="testAddMoreItemsToCart" time="5.031"/>
  <testcase classname="tests.SearchTests" name="testAddToCart" time="3.788"/>
  <testcase classname="tests.SearchTests" name="testContactUs" time="2.17"/>
  <testcase classname="tests.SearchTests" name="testRemoveFromCart" time="6.252"/>
  <testcase classname="tests.SearchTests" name="testSearchAndGo" time="5.001"/>
  <testcase classname="tests.SearchTests" name="testValidSearch" time="2.574"/>
</testsuite> <!-- Default test -->
