<?xml version="1.0" encoding="UTF-8"?>
<!-- Generated by org.testng.reporters.JUnitReportReporter -->
<testsuite hostname="DESKTOP-5FLV62J" failures="0" tests="7" name="tests.SearchTests" time="75.890" errors="0" timestamp="2021-03-13T21:07:26 CST" skipped="0">
  <testcase classname="tests.SearchTests" name="testAddMoreItemsToCart" time="11.214"/>
  <system-out/>
  <testcase classname="tests.SearchTests" name="testValidSearch" time="8.993"/>
  <system-out/>
  <testcase classname="tests.SearchTests" name="testAddToCart" time="10.010"/>
  <system-out/>
  <testcase classname="tests.SearchTests" name="testContactUs" time="8.379"/>
  <system-out/>
  <testcase classname="tests.SearchTests" name="Test_Adding_Quantity" time="12.778"/>
  <system-out/>
  <testcase classname="tests.SearchTests" name="testRemoveFromCart" time="12.500"/>
  <system-out/>
  <testcase classname="tests.SearchTests" name="testSearchAndGo" time="12.016"/>
  <system-out/>
</testsuite> <!-- tests.SearchTests -->
